✅ All required circuit files found
🚀 ZK Proof Server running on http://localhost:3001
📋 Available endpoints:
   GET  /health - Health check
   POST /generate-proof - Generate ZK proof
   POST /verify-proof - Verify ZK proof
Received proof generation request
Input data: {
  nullifier: '0x5fc934adfffb64a6ca66315a475c635fd3f152866ee9ff7ee16667cbebd7d627',
  secret: '0x361bc15c66bdf438c4872c9699ffd5ac2a42cc4ca7f84071025ebc9b5c55729b',
  did: 'did:zkkyc:0x1234567890123456789012345678901234567890',
  birthDate: 631152000,
  currentTime: 1752774491,
  minimumAge: 18,
  merkleRoot: '0x941a4c234cb1073d3d9ad7611f8542f736705d584c949ef7f360200ea364b6c1',
  nullifierHash: '0xc53f94a9aa93aec4522b71c67937fb455d71c98ab7b192880fc43b37411e0396'
}
Circuit inputs prepared
Generating ZK proof...
ERROR:  4 Error in template MerkleTreeInclusionProof_140 line: 45
Error in template ZKKYC_141 line: 74
Error in template ZKKYCAge_146 line: 128

Error generating proof: Error: Error: Assert Failed. Error in template MerkleTreeInclusionProof_140 line: 45
Error in template ZKKYC_141 line: 74
Error in template ZKKYCAge_146 line: 128

    at /home/uwe/zk_kyc_system/node_modules/circom_runtime/build/main.cjs:529:27
    at Array.forEach (<anonymous>)
    at WitnessCalculatorCircom2._doCalculateWitness (/home/uwe/zk_kyc_system/node_modules/circom_runtime/build/main.cjs:500:14)
    at WitnessCalculatorCircom2.calculateWTNSBin (/home/uwe/zk_kyc_system/node_modules/circom_runtime/build/main.cjs:559:20)
    at wtnsCalculate (/home/uwe/zk_kyc_system/node_modules/snarkjs/build/main.cjs:1279:28)
    at async Object.groth16FullProve [as fullProve] (/home/uwe/zk_kyc_system/node_modules/snarkjs/build/main.cjs:1312:5)
    at async /home/uwe/zk_kyc_system/scripts/proof-server.js:136:38
Received proof generation request
Input data: {
  nullifier: '9826278523335279936532388190529376070429044458904700462512466067295649785017',
  secret: '5797187918623222861998223713760233020897839088307893820987289071263306533132',
  did: '36665524945127465741884719300358057209748996088939237057045009293210784332140',
  birthDate: 928454400,
  currentTime: 1752774717,
  minimumAge: 18,
  merkleRoot: '0xa855a08768c6ca1cb633034778f35544f35a482030e7514f19523e51e5795dfa',
  nullifierHash: '0xf61d3d9be488f3dd1ebba8a4b96961f02c7d92507087e56c3455a28222ca9b48',
  merkleProof: {
    pathElements: [
      '0', '0', '0', '0', '0',
      '0', '0', '0', '0', '0',
      '0', '0', '0', '0', '0',
      '0', '0', '0', '0', '0'
    ],
    pathIndices: [
      '0', '0', '0', '0', '0',
      '0', '0', '0', '0', '0',
      '0', '0', '0', '0', '0',
      '0', '0', '0', '0', '0'
    ]
  }
}
Circuit inputs prepared
Generating ZK proof...
ERROR:  4 Error in template MerkleTreeInclusionProof_140 line: 45
Error in template ZKKYC_141 line: 74
Error in template ZKKYCAge_146 line: 128

Error generating proof: Error: Error: Assert Failed. Error in template MerkleTreeInclusionProof_140 line: 45
Error in template ZKKYC_141 line: 74
Error in template ZKKYCAge_146 line: 128

    at /home/uwe/zk_kyc_system/node_modules/circom_runtime/build/main.cjs:529:27
    at Array.forEach (<anonymous>)
    at WitnessCalculatorCircom2._doCalculateWitness (/home/uwe/zk_kyc_system/node_modules/circom_runtime/build/main.cjs:500:14)
    at WitnessCalculatorCircom2.calculateWTNSBin (/home/uwe/zk_kyc_system/node_modules/circom_runtime/build/main.cjs:559:20)
    at wtnsCalculate (/home/uwe/zk_kyc_system/node_modules/snarkjs/build/main.cjs:1279:28)
    at async Object.groth16FullProve [as fullProve] (/home/uwe/zk_kyc_system/node_modules/snarkjs/build/main.cjs:1312:5)
    at async /home/uwe/zk_kyc_system/scripts/proof-server.js:136:38
